time="2022-12-11T18:12:14Z" level=error msg="Router defined multiple times with different configurations in [laravel-lv-e4d6ffbae06f460255ec74ba17d510ebad29acf575735de19424041e777f5f29 laravel-lv-reachable-d5cfd72c9788f50beb0e6bf19f87b72a2ae81481a4ffa1c635958190b479e2ee]" routerName=laravel-secure providerName=docker
time="2022-12-11T18:12:14Z" level=error msg="Router defined multiple times with different configurations in [laravel-lv-e4d6ffbae06f460255ec74ba17d510ebad29acf575735de19424041e777f5f29 laravel-lv-reachable-d5cfd72c9788f50beb0e6bf19f87b72a2ae81481a4ffa1c635958190b479e2ee]" providerName=docker routerName=laravel
time="2022-12-11T18:12:16Z" level=error msg="Router defined multiple times with different configurations in [laravel-lv-e4d6ffbae06f460255ec74ba17d510ebad29acf575735de19424041e777f5f29 laravel-lv-reachable-d5cfd72c9788f50beb0e6bf19f87b72a2ae81481a4ffa1c635958190b479e2ee]" providerName=docker routerName=laravel-secure
time="2022-12-11T18:12:16Z" level=error msg="Router defined multiple times with different configurations in [laravel-lv-e4d6ffbae06f460255ec74ba17d510ebad29acf575735de19424041e777f5f29 laravel-lv-reachable-d5cfd72c9788f50beb0e6bf19f87b72a2ae81481a4ffa1c635958190b479e2ee]" providerName=docker routerName=laravel
time="2022-12-11T19:17:10Z" level=error msg="http2: stream closed"
time="2022-12-11T19:17:10Z" level=error msg="http2: stream closed"
time="2022-12-11T19:17:10Z" level=error msg="http2: stream closed"
time="2022-12-11T19:17:10Z" level=error msg="http2: stream closed"
time="2022-12-11T19:17:11Z" level=error msg="client disconnected"
time="2022-12-11T19:17:11Z" level=error msg="http2: stream closed"
time="2022-12-11T19:17:11Z" level=error msg="http2: stream closed"
time="2022-12-11T19:17:11Z" level=error msg="http2: stream closed"
time="2022-12-12T20:28:33Z" level=error msg="service \"reachable\" error: unable to find the IP address for the container \"/lv_reachable\": the server is ignored" providerName=docker container=reachable-lv-reachable-b5b1ac477beab07298a7bc5afafaa09c4711a74d6994fe83e9572d2314ddc4e7
time="2022-12-12T20:28:34Z" level=error msg="service \"reachable\" error: unable to find the IP address for the container \"/lv_reachable\": the server is ignored" providerName=docker container=reachable-lv-reachable-b5b1ac477beab07298a7bc5afafaa09c4711a74d6994fe83e9572d2314ddc4e7
time="2022-12-12T20:28:35Z" level=error msg="service \"reachable\" error: unable to find the IP address for the container \"/lv_reachable\": the server is ignored" providerName=docker container=reachable-lv-reachable-b5b1ac477beab07298a7bc5afafaa09c4711a74d6994fe83e9572d2314ddc4e7
time="2022-12-12T20:28:36Z" level=error msg="service \"reachable\" error: unable to find the IP address for the container \"/lv_reachable\": the server is ignored" providerName=docker container=reachable-lv-reachable-b5b1ac477beab07298a7bc5afafaa09c4711a74d6994fe83e9572d2314ddc4e7
time="2022-12-12T20:28:38Z" level=error msg="service \"reachable\" error: unable to find the IP address for the container \"/lv_reachable\": the server is ignored" providerName=docker container=reachable-lv-reachable-b5b1ac477beab07298a7bc5afafaa09c4711a74d6994fe83e9572d2314ddc4e7
time="2022-12-12T20:28:40Z" level=error msg="service \"reachable\" error: unable to find the IP address for the container \"/lv_reachable\": the server is ignored" providerName=docker container=reachable-lv-reachable-b5b1ac477beab07298a7bc5afafaa09c4711a74d6994fe83e9572d2314ddc4e7
time="2022-12-12T20:28:44Z" level=error msg="service \"reachable\" error: unable to find the IP address for the container \"/lv_reachable\": the server is ignored" container=reachable-lv-reachable-b5b1ac477beab07298a7bc5afafaa09c4711a74d6994fe83e9572d2314ddc4e7 providerName=docker
time="2022-12-12T20:28:51Z" level=error msg="service \"reachable\" error: unable to find the IP address for the container \"/lv_reachable\": the server is ignored" providerName=docker container=reachable-lv-reachable-b5b1ac477beab07298a7bc5afafaa09c4711a74d6994fe83e9572d2314ddc4e7
time="2022-12-12T20:29:05Z" level=error msg="service \"reachable\" error: unable to find the IP address for the container \"/lv_reachable\": the server is ignored" providerName=docker container=reachable-lv-reachable-b5b1ac477beab07298a7bc5afafaa09c4711a74d6994fe83e9572d2314ddc4e7
time="2022-12-12T20:29:31Z" level=error msg="service \"reachable\" error: unable to find the IP address for the container \"/lv_reachable\": the server is ignored" providerName=docker container=reachable-lv-reachable-b5b1ac477beab07298a7bc5afafaa09c4711a74d6994fe83e9572d2314ddc4e7
time="2022-12-12T20:30:23Z" level=error msg="service \"reachable\" error: unable to find the IP address for the container \"/lv_reachable\": the server is ignored" providerName=docker container=reachable-lv-reachable-b5b1ac477beab07298a7bc5afafaa09c4711a74d6994fe83e9572d2314ddc4e7
time="2022-12-12T20:40:48Z" level=error msg="service \"reachable\" error: unable to find the IP address for the container \"/lv_reachable\": the server is ignored" container=reachable-lv-reachable-541e78ccc3508a9abc7173f4edf6ebdd85061024a20ec0fd5722212c0c51db71 providerName=docker
time="2022-12-12T20:40:49Z" level=error msg="service \"reachable\" error: unable to find the IP address for the container \"/lv_reachable\": the server is ignored" providerName=docker container=reachable-lv-reachable-541e78ccc3508a9abc7173f4edf6ebdd85061024a20ec0fd5722212c0c51db71
time="2022-12-12T20:40:51Z" level=error msg="service \"reachable\" error: unable to find the IP address for the container \"/lv_reachable\": the server is ignored" container=reachable-lv-reachable-541e78ccc3508a9abc7173f4edf6ebdd85061024a20ec0fd5722212c0c51db71 providerName=docker
time="2022-12-12T20:40:52Z" level=error msg="service \"reachable\" error: unable to find the IP address for the container \"/lv_reachable\": the server is ignored" container=reachable-lv-reachable-541e78ccc3508a9abc7173f4edf6ebdd85061024a20ec0fd5722212c0c51db71 providerName=docker
time="2022-12-12T20:40:52Z" level=error msg="service \"reachable\" error: unable to find the IP address for the container \"/lv_reachable\": the server is ignored" providerName=docker container=reachable-lv-reachable-541e78ccc3508a9abc7173f4edf6ebdd85061024a20ec0fd5722212c0c51db71
time="2022-12-12T20:40:54Z" level=error msg="service \"reachable\" error: unable to find the IP address for the container \"/lv_reachable\": the server is ignored" providerName=docker container=reachable-lv-reachable-541e78ccc3508a9abc7173f4edf6ebdd85061024a20ec0fd5722212c0c51db71
time="2022-12-12T20:40:56Z" level=error msg="service \"reachable\" error: unable to find the IP address for the container \"/lv_reachable\": the server is ignored" providerName=docker container=reachable-lv-reachable-541e78ccc3508a9abc7173f4edf6ebdd85061024a20ec0fd5722212c0c51db71
time="2022-12-12T20:40:56Z" level=error msg="service \"reachable\" error: unable to find the IP address for the container \"/lv_reachable\": the server is ignored" providerName=docker container=reachable-lv-reachable-541e78ccc3508a9abc7173f4edf6ebdd85061024a20ec0fd5722212c0c51db71
time="2022-12-12T20:41:00Z" level=error msg="service \"reachable\" error: unable to find the IP address for the container \"/lv_reachable\": the server is ignored" container=reachable-lv-reachable-541e78ccc3508a9abc7173f4edf6ebdd85061024a20ec0fd5722212c0c51db71 providerName=docker
time="2022-12-12T20:41:00Z" level=error msg="service \"reachable\" error: unable to find the IP address for the container \"/lv_reachable\": the server is ignored" providerName=docker container=reachable-lv-reachable-541e78ccc3508a9abc7173f4edf6ebdd85061024a20ec0fd5722212c0c51db71
time="2022-12-12T20:41:08Z" level=error msg="service \"reachable\" error: unable to find the IP address for the container \"/lv_reachable\": the server is ignored" providerName=docker container=reachable-lv-reachable-541e78ccc3508a9abc7173f4edf6ebdd85061024a20ec0fd5722212c0c51db71
time="2022-12-12T20:41:08Z" level=error msg="service \"reachable\" error: unable to find the IP address for the container \"/lv_reachable\": the server is ignored" providerName=docker container=reachable-lv-reachable-541e78ccc3508a9abc7173f4edf6ebdd85061024a20ec0fd5722212c0c51db71
time="2022-12-12T20:41:22Z" level=error msg="service \"reachable\" error: unable to find the IP address for the container \"/lv_reachable\": the server is ignored" container=reachable-lv-reachable-541e78ccc3508a9abc7173f4edf6ebdd85061024a20ec0fd5722212c0c51db71 providerName=docker
time="2022-12-12T20:41:22Z" level=error msg="service \"reachable\" error: unable to find the IP address for the container \"/lv_reachable\": the server is ignored" providerName=docker container=reachable-lv-reachable-541e78ccc3508a9abc7173f4edf6ebdd85061024a20ec0fd5722212c0c51db71
time="2022-12-12T20:41:48Z" level=error msg="service \"reachable\" error: unable to find the IP address for the container \"/lv_reachable\": the server is ignored" container=reachable-lv-reachable-541e78ccc3508a9abc7173f4edf6ebdd85061024a20ec0fd5722212c0c51db71 providerName=docker
time="2022-12-12T20:41:48Z" level=error msg="service \"reachable\" error: unable to find the IP address for the container \"/lv_reachable\": the server is ignored" providerName=docker container=reachable-lv-reachable-541e78ccc3508a9abc7173f4edf6ebdd85061024a20ec0fd5722212c0c51db71
time="2022-12-12T20:42:40Z" level=error msg="service \"reachable\" error: unable to find the IP address for the container \"/lv_reachable\": the server is ignored" providerName=docker container=reachable-lv-reachable-541e78ccc3508a9abc7173f4edf6ebdd85061024a20ec0fd5722212c0c51db71
time="2022-12-12T20:42:40Z" level=error msg="service \"reachable\" error: unable to find the IP address for the container \"/lv_reachable\": the server is ignored" providerName=docker container=reachable-lv-reachable-541e78ccc3508a9abc7173f4edf6ebdd85061024a20ec0fd5722212c0c51db71
time="2022-12-12T20:43:15Z" level=error msg="service \"reachable\" error: unable to find the IP address for the container \"/lv_reachable\": the server is ignored" providerName=docker container=reachable-lv-reachable-a970fe4bb1c5f2ec670b01271de26606254686e0e6e8dee156f1fcab6f57b2fb
time="2022-12-12T20:43:16Z" level=error msg="service \"reachable\" error: unable to find the IP address for the container \"/lv_reachable\": the server is ignored" providerName=docker container=reachable-lv-reachable-a970fe4bb1c5f2ec670b01271de26606254686e0e6e8dee156f1fcab6f57b2fb
time="2022-12-12T20:43:18Z" level=error msg="service \"reachable\" error: unable to find the IP address for the container \"/lv_reachable\": the server is ignored" providerName=docker container=reachable-lv-reachable-a970fe4bb1c5f2ec670b01271de26606254686e0e6e8dee156f1fcab6f57b2fb
time="2022-12-12T20:43:20Z" level=error msg="service \"reachable\" error: unable to find the IP address for the container \"/lv_reachable\": the server is ignored" container=reachable-lv-reachable-a970fe4bb1c5f2ec670b01271de26606254686e0e6e8dee156f1fcab6f57b2fb providerName=docker
time="2022-12-12T20:43:20Z" level=error msg="service \"reachable\" error: unable to find the IP address for the container \"/lv_reachable\": the server is ignored" providerName=docker container=reachable-lv-reachable-a970fe4bb1c5f2ec670b01271de26606254686e0e6e8dee156f1fcab6f57b2fb
time="2022-12-12T20:43:22Z" level=error msg="service \"reachable\" error: unable to find the IP address for the container \"/lv_reachable\": the server is ignored" container=reachable-lv-reachable-a970fe4bb1c5f2ec670b01271de26606254686e0e6e8dee156f1fcab6f57b2fb providerName=docker
time="2022-12-12T20:43:22Z" level=error msg="service \"reachable\" error: unable to find the IP address for the container \"/lv_reachable\": the server is ignored" providerName=docker container=reachable-lv-reachable-a970fe4bb1c5f2ec670b01271de26606254686e0e6e8dee156f1fcab6f57b2fb
time="2022-12-12T20:43:25Z" level=error msg="service \"reachable\" error: unable to find the IP address for the container \"/lv_reachable\": the server is ignored" providerName=docker container=reachable-lv-reachable-a970fe4bb1c5f2ec670b01271de26606254686e0e6e8dee156f1fcab6f57b2fb
time="2022-12-12T20:43:25Z" level=error msg="service \"reachable\" error: unable to find the IP address for the container \"/lv_reachable\": the server is ignored" providerName=docker container=reachable-lv-reachable-a970fe4bb1c5f2ec670b01271de26606254686e0e6e8dee156f1fcab6f57b2fb
time="2022-12-12T20:43:29Z" level=error msg="service \"reachable\" error: unable to find the IP address for the container \"/lv_reachable\": the server is ignored" container=reachable-lv-reachable-a970fe4bb1c5f2ec670b01271de26606254686e0e6e8dee156f1fcab6f57b2fb providerName=docker
time="2022-12-12T20:43:29Z" level=error msg="service \"reachable\" error: unable to find the IP address for the container \"/lv_reachable\": the server is ignored" container=reachable-lv-reachable-a970fe4bb1c5f2ec670b01271de26606254686e0e6e8dee156f1fcab6f57b2fb providerName=docker
time="2022-12-12T20:43:37Z" level=error msg="service \"reachable\" error: unable to find the IP address for the container \"/lv_reachable\": the server is ignored" providerName=docker container=reachable-lv-reachable-a970fe4bb1c5f2ec670b01271de26606254686e0e6e8dee156f1fcab6f57b2fb
time="2022-12-12T20:43:37Z" level=error msg="service \"reachable\" error: unable to find the IP address for the container \"/lv_reachable\": the server is ignored" providerName=docker container=reachable-lv-reachable-a970fe4bb1c5f2ec670b01271de26606254686e0e6e8dee156f1fcab6f57b2fb
time="2022-12-12T20:43:51Z" level=error msg="service \"reachable\" error: unable to find the IP address for the container \"/lv_reachable\": the server is ignored" providerName=docker container=reachable-lv-reachable-a970fe4bb1c5f2ec670b01271de26606254686e0e6e8dee156f1fcab6f57b2fb
time="2022-12-12T20:43:51Z" level=error msg="service \"reachable\" error: unable to find the IP address for the container \"/lv_reachable\": the server is ignored" providerName=docker container=reachable-lv-reachable-a970fe4bb1c5f2ec670b01271de26606254686e0e6e8dee156f1fcab6f57b2fb
time="2022-12-12T20:44:18Z" level=error msg="service \"reachable\" error: unable to find the IP address for the container \"/lv_reachable\": the server is ignored" container=reachable-lv-reachable-a970fe4bb1c5f2ec670b01271de26606254686e0e6e8dee156f1fcab6f57b2fb providerName=docker
time="2022-12-12T20:44:18Z" level=error msg="service \"reachable\" error: unable to find the IP address for the container \"/lv_reachable\": the server is ignored" providerName=docker container=reachable-lv-reachable-a970fe4bb1c5f2ec670b01271de26606254686e0e6e8dee156f1fcab6f57b2fb
time="2022-12-13T18:51:58Z" level=error msg="service \"reachable\" error: unable to find the IP address for the container \"/lv_reachable\": the server is ignored" container=reachable-lv-reachable-dbfd24425a9547921f7e7f311dd7a4cd5750a6a5762ee4f7208d96928f81a6e0 providerName=docker
time="2022-12-13T18:51:59Z" level=error msg="service \"reachable\" error: unable to find the IP address for the container \"/lv_reachable\": the server is ignored" providerName=docker container=reachable-lv-reachable-dbfd24425a9547921f7e7f311dd7a4cd5750a6a5762ee4f7208d96928f81a6e0
time="2022-12-13T18:52:00Z" level=error msg="service \"reachable\" error: unable to find the IP address for the container \"/lv_reachable\": the server is ignored" providerName=docker container=reachable-lv-reachable-dbfd24425a9547921f7e7f311dd7a4cd5750a6a5762ee4f7208d96928f81a6e0
time="2022-12-13T18:52:00Z" level=error msg="service \"reachable\" error: unable to find the IP address for the container \"/lv_reachable\": the server is ignored" providerName=docker container=reachable-lv-reachable-dbfd24425a9547921f7e7f311dd7a4cd5750a6a5762ee4f7208d96928f81a6e0
time="2022-12-13T18:52:01Z" level=error msg="service \"reachable\" error: unable to find the IP address for the container \"/lv_reachable\": the server is ignored" container=reachable-lv-reachable-dbfd24425a9547921f7e7f311dd7a4cd5750a6a5762ee4f7208d96928f81a6e0 providerName=docker
time="2022-12-13T18:52:01Z" level=error msg="service \"reachable\" error: unable to find the IP address for the container \"/lv_reachable\": the server is ignored" providerName=docker container=reachable-lv-reachable-dbfd24425a9547921f7e7f311dd7a4cd5750a6a5762ee4f7208d96928f81a6e0
time="2022-12-13T18:52:03Z" level=error msg="service \"reachable\" error: unable to find the IP address for the container \"/lv_reachable\": the server is ignored" providerName=docker container=reachable-lv-reachable-dbfd24425a9547921f7e7f311dd7a4cd5750a6a5762ee4f7208d96928f81a6e0
time="2022-12-13T18:52:03Z" level=error msg="service \"reachable\" error: unable to find the IP address for the container \"/lv_reachable\": the server is ignored" container=reachable-lv-reachable-dbfd24425a9547921f7e7f311dd7a4cd5750a6a5762ee4f7208d96928f81a6e0 providerName=docker
time="2022-12-13T18:52:05Z" level=error msg="service \"reachable\" error: unable to find the IP address for the container \"/lv_reachable\": the server is ignored" providerName=docker container=reachable-lv-reachable-dbfd24425a9547921f7e7f311dd7a4cd5750a6a5762ee4f7208d96928f81a6e0
time="2022-12-13T18:52:05Z" level=error msg="service \"reachable\" error: unable to find the IP address for the container \"/lv_reachable\": the server is ignored" providerName=docker container=reachable-lv-reachable-dbfd24425a9547921f7e7f311dd7a4cd5750a6a5762ee4f7208d96928f81a6e0
time="2022-12-13T18:52:09Z" level=error msg="service \"reachable\" error: unable to find the IP address for the container \"/lv_reachable\": the server is ignored" container=reachable-lv-reachable-dbfd24425a9547921f7e7f311dd7a4cd5750a6a5762ee4f7208d96928f81a6e0 providerName=docker
time="2022-12-13T18:52:09Z" level=error msg="service \"reachable\" error: unable to find the IP address for the container \"/lv_reachable\": the server is ignored" providerName=docker container=reachable-lv-reachable-dbfd24425a9547921f7e7f311dd7a4cd5750a6a5762ee4f7208d96928f81a6e0
time="2022-12-13T18:52:16Z" level=error msg="service \"reachable\" error: unable to find the IP address for the container \"/lv_reachable\": the server is ignored" providerName=docker container=reachable-lv-reachable-dbfd24425a9547921f7e7f311dd7a4cd5750a6a5762ee4f7208d96928f81a6e0
time="2022-12-13T18:52:30Z" level=error msg="service \"reachable\" error: unable to find the IP address for the container \"/lv_reachable\": the server is ignored" providerName=docker container=reachable-lv-reachable-dbfd24425a9547921f7e7f311dd7a4cd5750a6a5762ee4f7208d96928f81a6e0
time="2022-12-13T18:52:30Z" level=error msg="service \"reachable\" error: unable to find the IP address for the container \"/lv_reachable\": the server is ignored" container=reachable-lv-reachable-dbfd24425a9547921f7e7f311dd7a4cd5750a6a5762ee4f7208d96928f81a6e0 providerName=docker
time="2022-12-13T18:52:56Z" level=error msg="service \"reachable\" error: unable to find the IP address for the container \"/lv_reachable\": the server is ignored" providerName=docker container=reachable-lv-reachable-dbfd24425a9547921f7e7f311dd7a4cd5750a6a5762ee4f7208d96928f81a6e0
time="2022-12-13T18:52:56Z" level=error msg="service \"reachable\" error: unable to find the IP address for the container \"/lv_reachable\": the server is ignored" providerName=docker container=reachable-lv-reachable-dbfd24425a9547921f7e7f311dd7a4cd5750a6a5762ee4f7208d96928f81a6e0
time="2022-12-13T18:53:48Z" level=error msg="service \"reachable\" error: unable to find the IP address for the container \"/lv_reachable\": the server is ignored" providerName=docker container=reachable-lv-reachable-dbfd24425a9547921f7e7f311dd7a4cd5750a6a5762ee4f7208d96928f81a6e0
time="2022-12-13T18:53:48Z" level=error msg="service \"reachable\" error: unable to find the IP address for the container \"/lv_reachable\": the server is ignored" container=reachable-lv-reachable-dbfd24425a9547921f7e7f311dd7a4cd5750a6a5762ee4f7208d96928f81a6e0 providerName=docker
